{"C:\\Users\\bello\\OneDrive\\Desktop\\CodeRoad\\task-cli.js": {"path":"C:\\Users\\bello\\OneDrive\\Desktop\\CodeRoad\\task-cli.js","statementMap":{"0":{"start":{"line":3,"column":11},"end":{"line":3,"column":33}},"1":{"start":{"line":4,"column":13},"end":{"line":4,"column":28}},"2":{"start":{"line":8,"column":8},"end":{"line":8,"column":33}},"3":{"start":{"line":9,"column":8},"end":{"line":9,"column":24}},"4":{"start":{"line":13,"column":8},"end":{"line":26,"column":9}},"5":{"start":{"line":14,"column":25},"end":{"line":14,"column":65}},"6":{"start":{"line":15,"column":12},"end":{"line":15,"column":42}},"7":{"start":{"line":17,"column":12},"end":{"line":25,"column":13}},"8":{"start":{"line":19,"column":16},"end":{"line":19,"column":32}},"9":{"start":{"line":20,"column":19},"end":{"line":25,"column":13}},"10":{"start":{"line":22,"column":16},"end":{"line":22,"column":61}},"11":{"start":{"line":24,"column":16},"end":{"line":24,"column":28}},"12":{"start":{"line":30,"column":8},"end":{"line":30,"column":79}},"13":{"start":{"line":34,"column":8},"end":{"line":34,"column":67}},"14":{"start":{"line":34,"column":53},"end":{"line":34,"column":60}},"15":{"start":{"line":38,"column":21},"end":{"line":44,"column":9}},"16":{"start":{"line":45,"column":8},"end":{"line":45,"column":30}},"17":{"start":{"line":46,"column":8},"end":{"line":46,"column":31}},"18":{"start":{"line":47,"column":8},"end":{"line":47,"column":23}},"19":{"start":{"line":51,"column":8},"end":{"line":51,"column":34}},"20":{"start":{"line":52,"column":21},"end":{"line":52,"column":58}},"21":{"start":{"line":52,"column":42},"end":{"line":52,"column":57}},"22":{"start":{"line":53,"column":8},"end":{"line":58,"column":9}},"23":{"start":{"line":54,"column":12},"end":{"line":54,"column":43}},"24":{"start":{"line":55,"column":12},"end":{"line":55,"column":54}},"25":{"start":{"line":56,"column":12},"end":{"line":56,"column":35}},"26":{"start":{"line":57,"column":12},"end":{"line":57,"column":24}},"27":{"start":{"line":59,"column":8},"end":{"line":59,"column":21}},"28":{"start":{"line":63,"column":8},"end":{"line":63,"column":34}},"29":{"start":{"line":64,"column":30},"end":{"line":64,"column":47}},"30":{"start":{"line":65,"column":8},"end":{"line":65,"column":67}},"31":{"start":{"line":65,"column":47},"end":{"line":65,"column":65}},"32":{"start":{"line":66,"column":8},"end":{"line":69,"column":9}},"33":{"start":{"line":67,"column":12},"end":{"line":67,"column":35}},"34":{"start":{"line":68,"column":12},"end":{"line":68,"column":24}},"35":{"start":{"line":70,"column":8},"end":{"line":70,"column":21}},"36":{"start":{"line":74,"column":8},"end":{"line":74,"column":34}},"37":{"start":{"line":75,"column":21},"end":{"line":75,"column":58}},"38":{"start":{"line":75,"column":42},"end":{"line":75,"column":57}},"39":{"start":{"line":76,"column":8},"end":{"line":81,"column":9}},"40":{"start":{"line":77,"column":12},"end":{"line":77,"column":33}},"41":{"start":{"line":78,"column":12},"end":{"line":78,"column":54}},"42":{"start":{"line":79,"column":12},"end":{"line":79,"column":35}},"43":{"start":{"line":80,"column":12},"end":{"line":80,"column":24}},"44":{"start":{"line":82,"column":8},"end":{"line":82,"column":21}},"45":{"start":{"line":86,"column":8},"end":{"line":88,"column":9}},"46":{"start":{"line":87,"column":12},"end":{"line":87,"column":69}},"47":{"start":{"line":87,"column":45},"end":{"line":87,"column":67}},"48":{"start":{"line":89,"column":8},"end":{"line":89,"column":26}},"49":{"start":{"line":94,"column":26},"end":{"line":98,"column":5}},"50":{"start":{"line":99,"column":4},"end":{"line":99,"column":81}},"51":{"start":{"line":103,"column":20},"end":{"line":103,"column":37}},"52":{"start":{"line":104,"column":4},"end":{"line":104,"column":30}},"53":{"start":{"line":106,"column":34},"end":{"line":106,"column":46}},"54":{"start":{"line":108,"column":4},"end":{"line":111,"column":5}},"55":{"start":{"line":109,"column":8},"end":{"line":109,"column":61}},"56":{"start":{"line":110,"column":8},"end":{"line":110,"column":15}},"57":{"start":{"line":113,"column":4},"end":{"line":176,"column":5}},"58":{"start":{"line":114,"column":8},"end":{"line":172,"column":9}},"59":{"start":{"line":116,"column":16},"end":{"line":116,"column":79}},"60":{"start":{"line":116,"column":39},"end":{"line":116,"column":79}},"61":{"start":{"line":117,"column":31},"end":{"line":117,"column":61}},"62":{"start":{"line":118,"column":16},"end":{"line":118,"column":71}},"63":{"start":{"line":119,"column":16},"end":{"line":119,"column":22}},"64":{"start":{"line":122,"column":16},"end":{"line":122,"column":89}},"65":{"start":{"line":122,"column":37},"end":{"line":122,"column":89}},"66":{"start":{"line":123,"column":56},"end":{"line":123,"column":60}},"67":{"start":{"line":124,"column":36},"end":{"line":124,"column":62}},"68":{"start":{"line":125,"column":16},"end":{"line":129,"column":17}},"69":{"start":{"line":126,"column":20},"end":{"line":126,"column":61}},"70":{"start":{"line":128,"column":20},"end":{"line":128,"column":50}},"71":{"start":{"line":130,"column":16},"end":{"line":130,"column":22}},"72":{"start":{"line":133,"column":16},"end":{"line":133,"column":75}},"73":{"start":{"line":133,"column":39},"end":{"line":133,"column":75}},"74":{"start":{"line":134,"column":16},"end":{"line":138,"column":17}},"75":{"start":{"line":135,"column":20},"end":{"line":135,"column":61}},"76":{"start":{"line":137,"column":20},"end":{"line":137,"column":50}},"77":{"start":{"line":139,"column":16},"end":{"line":139,"column":22}},"78":{"start":{"line":142,"column":16},"end":{"line":142,"column":75}},"79":{"start":{"line":142,"column":39},"end":{"line":142,"column":75}},"80":{"start":{"line":143,"column":16},"end":{"line":147,"column":17}},"81":{"start":{"line":144,"column":20},"end":{"line":144,"column":62}},"82":{"start":{"line":146,"column":20},"end":{"line":146,"column":50}},"83":{"start":{"line":148,"column":16},"end":{"line":148,"column":22}},"84":{"start":{"line":151,"column":16},"end":{"line":151,"column":75}},"85":{"start":{"line":151,"column":39},"end":{"line":151,"column":75}},"86":{"start":{"line":152,"column":16},"end":{"line":156,"column":17}},"87":{"start":{"line":153,"column":20},"end":{"line":153,"column":55}},"88":{"start":{"line":155,"column":20},"end":{"line":155,"column":50}},"89":{"start":{"line":157,"column":16},"end":{"line":157,"column":22}},"90":{"start":{"line":160,"column":31},"end":{"line":160,"column":38}},"91":{"start":{"line":161,"column":30},"end":{"line":161,"column":55}},"92":{"start":{"line":162,"column":16},"end":{"line":166,"column":17}},"93":{"start":{"line":163,"column":20},"end":{"line":163,"column":45}},"94":{"start":{"line":165,"column":20},"end":{"line":165,"column":50}},"95":{"start":{"line":167,"column":16},"end":{"line":167,"column":22}},"96":{"start":{"line":170,"column":16},"end":{"line":170,"column":47}},"97":{"start":{"line":171,"column":16},"end":{"line":171,"column":106}},"98":{"start":{"line":174,"column":8},"end":{"line":174,"column":49}},"99":{"start":{"line":175,"column":8},"end":{"line":175,"column":24}},"100":{"start":{"line":180,"column":0},"end":{"line":180,"column":33}},"101":{"start":{"line":183,"column":0},"end":{"line":188,"column":1}},"102":{"start":{"line":184,"column":4},"end":{"line":187,"column":7}},"103":{"start":{"line":185,"column":8},"end":{"line":185,"column":50}},"104":{"start":{"line":186,"column":8},"end":{"line":186,"column":24}}},"fnMap":{"0":{"name":"(anonymous_0)","decl":{"start":{"line":7,"column":4},"end":{"line":7,"column":5}},"loc":{"start":{"line":7,"column":41},"end":{"line":10,"column":5}},"line":7},"1":{"name":"(anonymous_1)","decl":{"start":{"line":12,"column":4},"end":{"line":12,"column":5}},"loc":{"start":{"line":12,"column":22},"end":{"line":27,"column":5}},"line":12},"2":{"name":"(anonymous_2)","decl":{"start":{"line":29,"column":4},"end":{"line":29,"column":5}},"loc":{"start":{"line":29,"column":22},"end":{"line":31,"column":5}},"line":29},"3":{"name":"(anonymous_3)","decl":{"start":{"line":33,"column":4},"end":{"line":33,"column":5}},"loc":{"start":{"line":33,"column":16},"end":{"line":35,"column":5}},"line":33},"4":{"name":"(anonymous_4)","decl":{"start":{"line":34,"column":45},"end":{"line":34,"column":46}},"loc":{"start":{"line":34,"column":53},"end":{"line":34,"column":60}},"line":34},"5":{"name":"(anonymous_5)","decl":{"start":{"line":37,"column":4},"end":{"line":37,"column":5}},"loc":{"start":{"line":37,"column":31},"end":{"line":48,"column":5}},"line":37},"6":{"name":"(anonymous_6)","decl":{"start":{"line":50,"column":4},"end":{"line":50,"column":5}},"loc":{"start":{"line":50,"column":42},"end":{"line":60,"column":5}},"line":50},"7":{"name":"(anonymous_7)","decl":{"start":{"line":52,"column":37},"end":{"line":52,"column":38}},"loc":{"start":{"line":52,"column":42},"end":{"line":52,"column":57}},"line":52},"8":{"name":"(anonymous_8)","decl":{"start":{"line":62,"column":4},"end":{"line":62,"column":5}},"loc":{"start":{"line":62,"column":29},"end":{"line":71,"column":5}},"line":62},"9":{"name":"(anonymous_9)","decl":{"start":{"line":65,"column":39},"end":{"line":65,"column":40}},"loc":{"start":{"line":65,"column":47},"end":{"line":65,"column":65}},"line":65},"10":{"name":"(anonymous_10)","decl":{"start":{"line":73,"column":4},"end":{"line":73,"column":5}},"loc":{"start":{"line":73,"column":35},"end":{"line":83,"column":5}},"line":73},"11":{"name":"(anonymous_11)","decl":{"start":{"line":75,"column":37},"end":{"line":75,"column":38}},"loc":{"start":{"line":75,"column":42},"end":{"line":75,"column":57}},"line":75},"12":{"name":"(anonymous_12)","decl":{"start":{"line":85,"column":4},"end":{"line":85,"column":5}},"loc":{"start":{"line":85,"column":29},"end":{"line":90,"column":5}},"line":85},"13":{"name":"(anonymous_13)","decl":{"start":{"line":87,"column":37},"end":{"line":87,"column":38}},"loc":{"start":{"line":87,"column":45},"end":{"line":87,"column":67}},"line":87},"14":{"name":"printTask","decl":{"start":{"line":93,"column":9},"end":{"line":93,"column":18}},"loc":{"start":{"line":93,"column":25},"end":{"line":100,"column":1}},"line":93},"15":{"name":"main","decl":{"start":{"line":102,"column":15},"end":{"line":102,"column":19}},"loc":{"start":{"line":102,"column":22},"end":{"line":177,"column":1}},"line":102},"16":{"name":"(anonymous_16)","decl":{"start":{"line":184,"column":17},"end":{"line":184,"column":18}},"loc":{"start":{"line":184,"column":26},"end":{"line":187,"column":5}},"line":184}},"branchMap":{"0":{"loc":{"start":{"line":7,"column":16},"end":{"line":7,"column":39}},"type":"default-arg","locations":[{"start":{"line":7,"column":27},"end":{"line":7,"column":39}}],"line":7},"1":{"loc":{"start":{"line":17,"column":12},"end":{"line":25,"column":13}},"type":"if","locations":[{"start":{"line":17,"column":12},"end":{"line":25,"column":13}},{"start":{"line":20,"column":19},"end":{"line":25,"column":13}}],"line":17},"2":{"loc":{"start":{"line":20,"column":19},"end":{"line":25,"column":13}},"type":"if","locations":[{"start":{"line":20,"column":19},"end":{"line":25,"column":13}},{"start":{"line":23,"column":19},"end":{"line":25,"column":13}}],"line":20},"3":{"loc":{"start":{"line":53,"column":8},"end":{"line":58,"column":9}},"type":"if","locations":[{"start":{"line":53,"column":8},"end":{"line":58,"column":9}},{"start":{},"end":{}}],"line":53},"4":{"loc":{"start":{"line":66,"column":8},"end":{"line":69,"column":9}},"type":"if","locations":[{"start":{"line":66,"column":8},"end":{"line":69,"column":9}},{"start":{},"end":{}}],"line":66},"5":{"loc":{"start":{"line":76,"column":8},"end":{"line":81,"column":9}},"type":"if","locations":[{"start":{"line":76,"column":8},"end":{"line":81,"column":9}},{"start":{},"end":{}}],"line":76},"6":{"loc":{"start":{"line":85,"column":14},"end":{"line":85,"column":27}},"type":"default-arg","locations":[{"start":{"line":85,"column":23},"end":{"line":85,"column":27}}],"line":85},"7":{"loc":{"start":{"line":86,"column":8},"end":{"line":88,"column":9}},"type":"if","locations":[{"start":{"line":86,"column":8},"end":{"line":88,"column":9}},{"start":{},"end":{}}],"line":86},"8":{"loc":{"start":{"line":108,"column":4},"end":{"line":111,"column":5}},"type":"if","locations":[{"start":{"line":108,"column":4},"end":{"line":111,"column":5}},{"start":{},"end":{}}],"line":108},"9":{"loc":{"start":{"line":114,"column":8},"end":{"line":172,"column":9}},"type":"switch","locations":[{"start":{"line":115,"column":12},"end":{"line":119,"column":22}},{"start":{"line":121,"column":12},"end":{"line":130,"column":22}},{"start":{"line":132,"column":12},"end":{"line":139,"column":22}},{"start":{"line":141,"column":12},"end":{"line":148,"column":22}},{"start":{"line":150,"column":12},"end":{"line":157,"column":22}},{"start":{"line":159,"column":12},"end":{"line":167,"column":22}},{"start":{"line":169,"column":12},"end":{"line":171,"column":106}}],"line":114},"10":{"loc":{"start":{"line":116,"column":16},"end":{"line":116,"column":79}},"type":"if","locations":[{"start":{"line":116,"column":16},"end":{"line":116,"column":79}},{"start":{},"end":{}}],"line":116},"11":{"loc":{"start":{"line":122,"column":16},"end":{"line":122,"column":89}},"type":"if","locations":[{"start":{"line":122,"column":16},"end":{"line":122,"column":89}},{"start":{},"end":{}}],"line":122},"12":{"loc":{"start":{"line":125,"column":16},"end":{"line":129,"column":17}},"type":"if","locations":[{"start":{"line":125,"column":16},"end":{"line":129,"column":17}},{"start":{"line":127,"column":23},"end":{"line":129,"column":17}}],"line":125},"13":{"loc":{"start":{"line":133,"column":16},"end":{"line":133,"column":75}},"type":"if","locations":[{"start":{"line":133,"column":16},"end":{"line":133,"column":75}},{"start":{},"end":{}}],"line":133},"14":{"loc":{"start":{"line":134,"column":16},"end":{"line":138,"column":17}},"type":"if","locations":[{"start":{"line":134,"column":16},"end":{"line":138,"column":17}},{"start":{"line":136,"column":23},"end":{"line":138,"column":17}}],"line":134},"15":{"loc":{"start":{"line":142,"column":16},"end":{"line":142,"column":75}},"type":"if","locations":[{"start":{"line":142,"column":16},"end":{"line":142,"column":75}},{"start":{},"end":{}}],"line":142},"16":{"loc":{"start":{"line":143,"column":16},"end":{"line":147,"column":17}},"type":"if","locations":[{"start":{"line":143,"column":16},"end":{"line":147,"column":17}},{"start":{"line":145,"column":23},"end":{"line":147,"column":17}}],"line":143},"17":{"loc":{"start":{"line":151,"column":16},"end":{"line":151,"column":75}},"type":"if","locations":[{"start":{"line":151,"column":16},"end":{"line":151,"column":75}},{"start":{},"end":{}}],"line":151},"18":{"loc":{"start":{"line":152,"column":16},"end":{"line":156,"column":17}},"type":"if","locations":[{"start":{"line":152,"column":16},"end":{"line":156,"column":17}},{"start":{"line":154,"column":23},"end":{"line":156,"column":17}}],"line":152},"19":{"loc":{"start":{"line":162,"column":16},"end":{"line":166,"column":17}},"type":"if","locations":[{"start":{"line":162,"column":16},"end":{"line":166,"column":17}},{"start":{"line":164,"column":23},"end":{"line":166,"column":17}}],"line":162},"20":{"loc":{"start":{"line":183,"column":0},"end":{"line":188,"column":1}},"type":"if","locations":[{"start":{"line":183,"column":0},"end":{"line":188,"column":1}},{"start":{},"end":{}}],"line":183}},"s":{"0":1,"1":1,"2":2,"3":2,"4":1,"5":1,"6":1,"7":0,"8":0,"9":0,"10":0,"11":0,"12":1,"13":1,"14":0,"15":1,"16":1,"17":1,"18":1,"19":0,"20":0,"21":0,"22":0,"23":0,"24":0,"25":0,"26":0,"27":0,"28":0,"29":0,"30":0,"31":0,"32":0,"33":0,"34":0,"35":0,"36":1,"37":1,"38":0,"39":1,"40":0,"41":0,"42":0,"43":0,"44":1,"45":0,"46":0,"47":0,"48":0,"49":0,"50":0,"51":0,"52":0,"53":0,"54":0,"55":0,"56":0,"57":0,"58":0,"59":0,"60":0,"61":0,"62":0,"63":0,"64":0,"65":0,"66":0,"67":0,"68":0,"69":0,"70":0,"71":0,"72":0,"73":0,"74":0,"75":0,"76":0,"77":0,"78":0,"79":0,"80":0,"81":0,"82":0,"83":0,"84":0,"85":0,"86":0,"87":0,"88":0,"89":0,"90":0,"91":0,"92":0,"93":0,"94":0,"95":0,"96":0,"97":0,"98":0,"99":0,"100":1,"101":1,"102":0,"103":0,"104":0},"f":{"0":2,"1":1,"2":1,"3":1,"4":0,"5":1,"6":0,"7":0,"8":0,"9":0,"10":1,"11":0,"12":0,"13":0,"14":0,"15":0,"16":0},"b":{"0":[2],"1":[0,0],"2":[0,0],"3":[0,0],"4":[0,0],"5":[0,1],"6":[0],"7":[0,0],"8":[0,0],"9":[0,0,0,0,0,0,0],"10":[0,0],"11":[0,0],"12":[0,0],"13":[0,0],"14":[0,0],"15":[0,0],"16":[0,0],"17":[0,0],"18":[0,0],"19":[0,0],"20":[0,1]},"_coverageSchema":"1a1c01bbd47fc00a2c39e90264f33305004495a9","hash":"76d74655ab5d4fc276df1a7cc469c088b4a01916"}
}
